# JRE version: OpenJDK Runtime Environment (21.0.8+9) (build 21.0.8+9-Ubuntu-0ubuntu124.04.1)
# Java VM: OpenJDK 64-Bit Server VM (21.0.8+9-Ubuntu-0ubuntu124.04.1, mixed mode, sharing, tiered, compressed oops, compressed class ptrs, g1 gc, linux-amd64)
GC Precious Log:
 CardTable entry size: 512
 Card Set container configuration: InlinePtr #cards 5 size 8 Array Of Cards #cards 12 size 40 Howl #buckets 4 coarsen threshold 1843 Howl Bitmap #cards 512 size 80 coarsen threshold 460 Card regions per heap region 1 cards per card region 2048
 CPUs: 32 total, 32 available
 Memory: 125G
 Large Page Support: Disabled
 NUMA Support: Disabled
 Compressed Oops: Enabled (32-bit)
 Heap Region Size: 1M
 Heap Min Capacity: 8M
 Heap Initial Capacity: 1G
 Heap Max Capacity: 1G
 Pre-touch: Disabled
 Parallel Workers: 23
 Concurrent Workers: 6
 Concurrent Refinement Workers: 23
 Periodic GC: Disabled
Heap:
 garbage-first heap   total 270336K, used 180343K [0x00000000c0000000, 0x0000000100000000)
  region size 1024K, 101 young (103424K), 1 survivors (1024K)
 Metaspace       used 10756K, committed 11008K, reserved 1114112K
  class space    used 1530K, committed 1664K, reserved 1048576K
GC Heap History (20 events):
Event: 25280.408 GC heap before
{Heap before GC invocations=30225 (full 14):
 garbage-first heap   total 270336K, used 239734K [0x00000000c0000000, 0x0000000100000000)
  region size 1024K, 158 young (161792K), 1 survivors (1024K)
 Metaspace       used 10754K, committed 11008K, reserved 1114112K
  class space    used 1530K, committed 1664K, reserved 1048576K
}
Event: 25280.409 GC heap after
{Heap after GC invocations=30226 (full 14):
 garbage-first heap   total 270336K, used 78999K [0x00000000c0000000, 0x0000000100000000)
  region size 1024K, 1 young (1024K), 1 survivors (1024K)
 Metaspace       used 10754K, committed 11008K, reserved 1114112K
  class space    used 1530K, committed 1664K, reserved 1048576K
}
Event: 25280.735 GC heap before
{Heap before GC invocations=30226 (full 14):
 garbage-first heap   total 270336K, used 239767K [0x00000000c0000000, 0x0000000100000000)
  region size 1024K, 158 young (161792K), 1 survivors (1024K)
 Metaspace       used 10754K, committed 11008K, reserved 1114112K
  class space    used 1530K, committed 1664K, reserved 1048576K
}
Event: 25280.736 GC heap after
{Heap after GC invocations=30227 (full 14):
 garbage-first heap   total 270336K, used 78995K [0x00000000c0000000, 0x0000000100000000)
  region size 1024K, 1 young (1024K), 1 survivors (1024K)
 Metaspace       used 10754K, committed 11008K, reserved 1114112K
  class space    used 1530K, committed 1664K, reserved 1048576K
}
Event: 25281.062 GC heap before
{Heap before GC invocations=30227 (full 14):
 garbage-first heap   total 270336K, used 239763K [0x00000000c0000000, 0x0000000100000000)
  region size 1024K, 158 young (161792K), 1 survivors (1024K)
 Metaspace       used 10754K, committed 11008K, reserved 1114112K
  class space    used 1530K, committed 1664K, reserved 1048576K
}
Event: 25281.063 GC heap after
{Heap after GC invocations=30228 (full 14):
 garbage-first heap   total 270336K, used 79005K [0x00000000c0000000, 0x0000000100000000)
  region size 1024K, 1 young (1024K), 1 survivors (1024K)
 Metaspace       used 10754K, committed 11008K, reserved 1114112K
  class space    used 1530K, committed 1664K, reserved 1048576K
}
Event: 25281.400 GC heap before
{Heap before GC invocations=30228 (full 14):
 garbage-first heap   total 270336K, used 239773K [0x00000000c0000000, 0x0000000100000000)
  region size 1024K, 158 young (161792K), 1 survivors (1024K)
 Metaspace       used 10754K, committed 11008K, reserved 1114112K
  class space    used 1530K, committed 1664K, reserved 1048576K
}
Event: 25281.401 GC heap after
{Heap after GC invocations=30229 (full 14):
 garbage-first heap   total 270336K, used 78970K [0x00000000c0000000, 0x0000000100000000)
  region size 1024K, 1 young (1024K), 1 survivors (1024K)
 Metaspace       used 10754K, committed 11008K, reserved 1114112K
  class space    used 1530K, committed 1664K, reserved 1048576K
}
Event: 25281.719 GC heap before
{Heap before GC invocations=30229 (full 14):
 garbage-first heap   total 270336K, used 239738K [0x00000000c0000000, 0x0000000100000000)
  region size 1024K, 158 young (161792K), 1 survivors (1024K)
 Metaspace       used 10754K, committed 11008K, reserved 1114112K
  class space    used 1530K, committed 1664K, reserved 1048576K
}
Event: 25281.720 GC heap after
{Heap after GC invocations=30230 (full 14):
 garbage-first heap   total 270336K, used 78965K [0x00000000c0000000, 0x0000000100000000)
  region size 1024K, 1 young (1024K), 1 survivors (1024K)
 Metaspace       used 10754K, committed 11008K, reserved 1114112K
  class space    used 1530K, committed 1664K, reserved 1048576K
}
Event: 25282.037 GC heap before
{Heap before GC invocations=30230 (full 14):
 garbage-first heap   total 270336K, used 239733K [0x00000000c0000000, 0x0000000100000000)
  region size 1024K, 158 young (161792K), 1 survivors (1024K)
 Metaspace       used 10754K, committed 11008K, reserved 1114112K
  class space    used 1530K, committed 1664K, reserved 1048576K
}
Event: 25282.038 GC heap after
{Heap after GC invocations=30231 (full 14):
 garbage-first heap   total 270336K, used 79010K [0x00000000c0000000, 0x0000000100000000)
  region size 1024K, 1 young (1024K), 1 survivors (1024K)
 Metaspace       used 10754K, committed 11008K, reserved 1114112K
  class space    used 1530K, committed 1664K, reserved 1048576K
}
Event: 25282.354 GC heap before
{Heap before GC invocations=30231 (full 14):
 garbage-first heap   total 270336K, used 239778K [0x00000000c0000000, 0x0000000100000000)
  region size 1024K, 158 young (161792K), 1 survivors (1024K)
 Metaspace       used 10754K, committed 11008K, reserved 1114112K
  class space    used 1530K, committed 1664K, reserved 1048576K
}
Event: 25282.355 GC heap after
{Heap after GC invocations=30232 (full 14):
 garbage-first heap   total 270336K, used 79024K [0x00000000c0000000, 0x0000000100000000)
  region size 1024K, 1 young (1024K), 1 survivors (1024K)
 Metaspace       used 10754K, committed 11008K, reserved 1114112K
  class space    used 1530K, committed 1664K, reserved 1048576K
}
Event: 25282.683 GC heap before
{Heap before GC invocations=30232 (full 14):
 garbage-first heap   total 270336K, used 239792K [0x00000000c0000000, 0x0000000100000000)
  region size 1024K, 158 young (161792K), 1 survivors (1024K)
 Metaspace       used 10754K, committed 11008K, reserved 1114112K
  class space    used 1530K, committed 1664K, reserved 1048576K
}
Event: 25282.684 GC heap after
{Heap after GC invocations=30233 (full 14):
 garbage-first heap   total 270336K, used 79012K [0x00000000c0000000, 0x0000000100000000)
  region size 1024K, 1 young (1024K), 1 survivors (1024K)
 Metaspace       used 10754K, committed 11008K, reserved 1114112K
  class space    used 1530K, committed 1664K, reserved 1048576K
}
Event: 25283.015 GC heap before
{Heap before GC invocations=30233 (full 14):
 garbage-first heap   total 270336K, used 239780K [0x00000000c0000000, 0x0000000100000000)
  region size 1024K, 158 young (161792K), 1 survivors (1024K)
 Metaspace       used 10754K, committed 11008K, reserved 1114112K
  class space    used 1530K, committed 1664K, reserved 1048576K
}
Event: 25283.016 GC heap after
{Heap after GC invocations=30234 (full 14):
 garbage-first heap   total 270336K, used 78992K [0x00000000c0000000, 0x0000000100000000)
  region size 1024K, 1 young (1024K), 1 survivors (1024K)
 Metaspace       used 10754K, committed 11008K, reserved 1114112K
  class space    used 1530K, committed 1664K, reserved 1048576K
}
Event: 25283.345 GC heap before
{Heap before GC invocations=30234 (full 14):
 garbage-first heap   total 270336K, used 239760K [0x00000000c0000000, 0x0000000100000000)
  region size 1024K, 158 young (161792K), 1 survivors (1024K)
 Metaspace       used 10754K, committed 11008K, reserved 1114112K
  class space    used 1530K, committed 1664K, reserved 1048576K
}
Event: 25283.346 GC heap after
{Heap after GC invocations=30235 (full 14):
 garbage-first heap   total 270336K, used 78967K [0x00000000c0000000, 0x0000000100000000)
  region size 1024K, 1 young (1024K), 1 survivors (1024K)
 Metaspace       used 10754K, committed 11008K, reserved 1114112K
  class space    used 1530K, committed 1664K, reserved 1048576K
}

