# JRE version: OpenJDK Runtime Environment (21.0.8+9) (build 21.0.8+9-Ubuntu-0ubuntu124.04.1)
# Java VM: OpenJDK 64-Bit Server VM (21.0.8+9-Ubuntu-0ubuntu124.04.1, mixed mode, sharing, tiered, compressed oops, compressed class ptrs, g1 gc, linux-amd64)
GC Precious Log:
 CardTable entry size: 512
 Card Set container configuration: InlinePtr #cards 5 size 8 Array Of Cards #cards 12 size 40 Howl #buckets 4 coarsen threshold 1843 Howl Bitmap #cards 512 size 80 coarsen threshold 460 Card regions per heap region 1 cards per card region 2048
 CPUs: 32 total, 32 available
 Memory: 125G
 Large Page Support: Disabled
 NUMA Support: Disabled
 Compressed Oops: Enabled (32-bit)
 Heap Region Size: 1M
 Heap Min Capacity: 8M
 Heap Initial Capacity: 1G
 Heap Max Capacity: 1G
 Pre-touch: Disabled
 Parallel Workers: 23
 Concurrent Workers: 6
 Concurrent Refinement Workers: 23
 Periodic GC: Disabled
Heap:
 garbage-first heap   total 276480K, used 131164K [0x00000000c0000000, 0x0000000100000000)
  region size 1024K, 53 young (54272K), 1 survivors (1024K)
 Metaspace       used 10756K, committed 11008K, reserved 1114112K
  class space    used 1530K, committed 1664K, reserved 1048576K
GC Heap History (20 events):
Event: 20541.090 GC heap before
{Heap before GC invocations=31807 (full 16):
 garbage-first heap   total 276480K, used 243807K [0x00000000c0000000, 0x0000000100000000)
  region size 1024K, 162 young (165888K), 1 survivors (1024K)
 Metaspace       used 10754K, committed 11008K, reserved 1114112K
  class space    used 1530K, committed 1664K, reserved 1048576K
}
Event: 20541.091 GC heap after
{Heap after GC invocations=31808 (full 16):
 garbage-first heap   total 276480K, used 78933K [0x00000000c0000000, 0x0000000100000000)
  region size 1024K, 1 young (1024K), 1 survivors (1024K)
 Metaspace       used 10754K, committed 11008K, reserved 1114112K
  class space    used 1530K, committed 1664K, reserved 1048576K
}
Event: 20541.443 GC heap before
{Heap before GC invocations=31808 (full 16):
 garbage-first heap   total 276480K, used 243797K [0x00000000c0000000, 0x0000000100000000)
  region size 1024K, 162 young (165888K), 1 survivors (1024K)
 Metaspace       used 10754K, committed 11008K, reserved 1114112K
  class space    used 1530K, committed 1664K, reserved 1048576K
}
Event: 20541.444 GC heap after
{Heap after GC invocations=31809 (full 16):
 garbage-first heap   total 276480K, used 78919K [0x00000000c0000000, 0x0000000100000000)
  region size 1024K, 1 young (1024K), 1 survivors (1024K)
 Metaspace       used 10754K, committed 11008K, reserved 1114112K
  class space    used 1530K, committed 1664K, reserved 1048576K
}
Event: 20541.784 GC heap before
{Heap before GC invocations=31809 (full 16):
 garbage-first heap   total 276480K, used 243783K [0x00000000c0000000, 0x0000000100000000)
  region size 1024K, 162 young (165888K), 1 survivors (1024K)
 Metaspace       used 10754K, committed 11008K, reserved 1114112K
  class space    used 1530K, committed 1664K, reserved 1048576K
}
Event: 20541.785 GC heap after
{Heap after GC invocations=31810 (full 16):
 garbage-first heap   total 276480K, used 78922K [0x00000000c0000000, 0x0000000100000000)
  region size 1024K, 1 young (1024K), 1 survivors (1024K)
 Metaspace       used 10754K, committed 11008K, reserved 1114112K
  class space    used 1530K, committed 1664K, reserved 1048576K
}
Event: 20542.128 GC heap before
{Heap before GC invocations=31810 (full 16):
 garbage-first heap   total 276480K, used 243786K [0x00000000c0000000, 0x0000000100000000)
  region size 1024K, 162 young (165888K), 1 survivors (1024K)
 Metaspace       used 10754K, committed 11008K, reserved 1114112K
  class space    used 1530K, committed 1664K, reserved 1048576K
}
Event: 20542.129 GC heap after
{Heap after GC invocations=31811 (full 16):
 garbage-first heap   total 276480K, used 78926K [0x00000000c0000000, 0x0000000100000000)
  region size 1024K, 1 young (1024K), 1 survivors (1024K)
 Metaspace       used 10754K, committed 11008K, reserved 1114112K
  class space    used 1530K, committed 1664K, reserved 1048576K
}
Event: 20542.462 GC heap before
{Heap before GC invocations=31811 (full 16):
 garbage-first heap   total 276480K, used 243790K [0x00000000c0000000, 0x0000000100000000)
  region size 1024K, 162 young (165888K), 1 survivors (1024K)
 Metaspace       used 10754K, committed 11008K, reserved 1114112K
  class space    used 1530K, committed 1664K, reserved 1048576K
}
Event: 20542.462 GC heap after
{Heap after GC invocations=31812 (full 16):
 garbage-first heap   total 276480K, used 78923K [0x00000000c0000000, 0x0000000100000000)
  region size 1024K, 1 young (1024K), 1 survivors (1024K)
 Metaspace       used 10754K, committed 11008K, reserved 1114112K
  class space    used 1530K, committed 1664K, reserved 1048576K
}
Event: 20542.804 GC heap before
{Heap before GC invocations=31812 (full 16):
 garbage-first heap   total 276480K, used 243787K [0x00000000c0000000, 0x0000000100000000)
  region size 1024K, 162 young (165888K), 1 survivors (1024K)
 Metaspace       used 10754K, committed 11008K, reserved 1114112K
  class space    used 1530K, committed 1664K, reserved 1048576K
}
Event: 20542.805 GC heap after
{Heap after GC invocations=31813 (full 16):
 garbage-first heap   total 276480K, used 78954K [0x00000000c0000000, 0x0000000100000000)
  region size 1024K, 1 young (1024K), 1 survivors (1024K)
 Metaspace       used 10754K, committed 11008K, reserved 1114112K
  class space    used 1530K, committed 1664K, reserved 1048576K
}
Event: 20543.153 GC heap before
{Heap before GC invocations=31813 (full 16):
 garbage-first heap   total 276480K, used 243818K [0x00000000c0000000, 0x0000000100000000)
  region size 1024K, 162 young (165888K), 1 survivors (1024K)
 Metaspace       used 10754K, committed 11008K, reserved 1114112K
  class space    used 1530K, committed 1664K, reserved 1048576K
}
Event: 20543.154 GC heap after
{Heap after GC invocations=31814 (full 16):
 garbage-first heap   total 276480K, used 78955K [0x00000000c0000000, 0x0000000100000000)
  region size 1024K, 1 young (1024K), 1 survivors (1024K)
 Metaspace       used 10754K, committed 11008K, reserved 1114112K
  class space    used 1530K, committed 1664K, reserved 1048576K
}
Event: 20543.506 GC heap before
{Heap before GC invocations=31814 (full 16):
 garbage-first heap   total 276480K, used 243819K [0x00000000c0000000, 0x0000000100000000)
  region size 1024K, 162 young (165888K), 1 survivors (1024K)
 Metaspace       used 10754K, committed 11008K, reserved 1114112K
  class space    used 1530K, committed 1664K, reserved 1048576K
}
Event: 20543.507 GC heap after
{Heap after GC invocations=31815 (full 16):
 garbage-first heap   total 276480K, used 78921K [0x00000000c0000000, 0x0000000100000000)
  region size 1024K, 1 young (1024K), 1 survivors (1024K)
 Metaspace       used 10754K, committed 11008K, reserved 1114112K
  class space    used 1530K, committed 1664K, reserved 1048576K
}
Event: 20543.860 GC heap before
{Heap before GC invocations=31815 (full 16):
 garbage-first heap   total 276480K, used 243785K [0x00000000c0000000, 0x0000000100000000)
  region size 1024K, 162 young (165888K), 1 survivors (1024K)
 Metaspace       used 10754K, committed 11008K, reserved 1114112K
  class space    used 1530K, committed 1664K, reserved 1048576K
}
Event: 20543.861 GC heap after
{Heap after GC invocations=31816 (full 16):
 garbage-first heap   total 276480K, used 78902K [0x00000000c0000000, 0x0000000100000000)
  region size 1024K, 1 young (1024K), 1 survivors (1024K)
 Metaspace       used 10754K, committed 11008K, reserved 1114112K
  class space    used 1530K, committed 1664K, reserved 1048576K
}
Event: 20544.199 GC heap before
{Heap before GC invocations=31816 (full 16):
 garbage-first heap   total 276480K, used 243766K [0x00000000c0000000, 0x0000000100000000)
  region size 1024K, 162 young (165888K), 1 survivors (1024K)
 Metaspace       used 10754K, committed 11008K, reserved 1114112K
  class space    used 1530K, committed 1664K, reserved 1048576K
}
Event: 20544.200 GC heap after
{Heap after GC invocations=31817 (full 16):
 garbage-first heap   total 276480K, used 78940K [0x00000000c0000000, 0x0000000100000000)
  region size 1024K, 1 young (1024K), 1 survivors (1024K)
 Metaspace       used 10754K, committed 11008K, reserved 1114112K
  class space    used 1530K, committed 1664K, reserved 1048576K
}

