# JRE version: OpenJDK Runtime Environment (21.0.8+9) (build 21.0.8+9-Ubuntu-0ubuntu124.04.1)
# Java VM: OpenJDK 64-Bit Server VM (21.0.8+9-Ubuntu-0ubuntu124.04.1, mixed mode, sharing, tiered, compressed oops, compressed class ptrs, g1 gc, linux-amd64)
GC Precious Log:
 CardTable entry size: 512
 Card Set container configuration: InlinePtr #cards 5 size 8 Array Of Cards #cards 12 size 40 Howl #buckets 4 coarsen threshold 1843 Howl Bitmap #cards 512 size 80 coarsen threshold 460 Card regions per heap region 1 cards per card region 2048
 CPUs: 32 total, 32 available
 Memory: 125G
 Large Page Support: Disabled
 NUMA Support: Disabled
 Compressed Oops: Enabled (32-bit)
 Heap Region Size: 1M
 Heap Min Capacity: 8M
 Heap Initial Capacity: 1G
 Heap Max Capacity: 1G
 Pre-touch: Disabled
 Parallel Workers: 23
 Concurrent Workers: 6
 Concurrent Refinement Workers: 23
 Periodic GC: Disabled
Heap:
 garbage-first heap   total 296960K, used 131266K [0x00000000c0000000, 0x0000000100000000)
  region size 1024K, 48 young (49152K), 5 survivors (5120K)
 Metaspace       used 10702K, committed 10944K, reserved 1114112K
  class space    used 1535K, committed 1664K, reserved 1048576K
GC Heap History (20 events):
Event: 76.427 GC heap before
{Heap before GC invocations=8 (full 3):
 garbage-first heap   total 26624K, used 21980K [0x00000000c0000000, 0x0000000100000000)
  region size 1024K, 13 young (13312K), 2 survivors (2048K)
 Metaspace       used 7346K, committed 7552K, reserved 1114112K
  class space    used 1068K, committed 1152K, reserved 1048576K
}
Event: 76.434 GC heap after
{Heap after GC invocations=9 (full 3):
 garbage-first heap   total 28672K, used 14029K [0x00000000c0000000, 0x0000000100000000)
  region size 1024K, 2 young (2048K), 2 survivors (2048K)
 Metaspace       used 7346K, committed 7552K, reserved 1114112K
  class space    used 1068K, committed 1152K, reserved 1048576K
}
Event: 76.479 GC heap before
{Heap before GC invocations=10 (full 3):
 garbage-first heap   total 29696K, used 25293K [0x00000000c0000000, 0x0000000100000000)
  region size 1024K, 11 young (11264K), 2 survivors (2048K)
 Metaspace       used 7350K, committed 7552K, reserved 1114112K
  class space    used 1068K, committed 1152K, reserved 1048576K
}
Event: 76.492 GC heap after
{Heap after GC invocations=11 (full 3):
 garbage-first heap   total 539648K, used 18559K [0x00000000c0000000, 0x0000000100000000)
  region size 1024K, 2 young (2048K), 2 survivors (2048K)
 Metaspace       used 7350K, committed 7552K, reserved 1114112K
  class space    used 1068K, committed 1152K, reserved 1048576K
}
Event: 76.546 GC heap before
{Heap before GC invocations=11 (full 3):
 garbage-first heap   total 539648K, used 22655K [0x00000000c0000000, 0x0000000100000000)
  region size 1024K, 7 young (7168K), 2 survivors (2048K)
 Metaspace       used 7540K, committed 7744K, reserved 1114112K
  class space    used 1115K, committed 1216K, reserved 1048576K
}
Event: 76.558 GC heap after
{Heap after GC invocations=12 (full 4):
 garbage-first heap   total 71680K, used 16676K [0x00000000c0000000, 0x0000000100000000)
  region size 1024K, 0 young (0K), 0 survivors (0K)
 Metaspace       used 7540K, committed 7744K, reserved 1114112K
  class space    used 1115K, committed 1216K, reserved 1048576K
}
Event: 76.661 GC heap before
{Heap before GC invocations=12 (full 4):
 garbage-first heap   total 71680K, used 47396K [0x00000000c0000000, 0x0000000100000000)
  region size 1024K, 30 young (30720K), 0 survivors (0K)
 Metaspace       used 7817K, committed 8000K, reserved 1114112K
  class space    used 1152K, committed 1216K, reserved 1048576K
}
Event: 76.664 GC heap after
{Heap after GC invocations=13 (full 4):
 garbage-first heap   total 71680K, used 19862K [0x00000000c0000000, 0x0000000100000000)
  region size 1024K, 4 young (4096K), 4 survivors (4096K)
 Metaspace       used 7817K, committed 8000K, reserved 1114112K
  class space    used 1152K, committed 1216K, reserved 1048576K
}
Event: 76.706 GC heap before
{Heap before GC invocations=13 (full 4):
 garbage-first heap   total 71680K, used 52630K [0x00000000c0000000, 0x0000000100000000)
  region size 1024K, 36 young (36864K), 4 survivors (4096K)
 Metaspace       used 7817K, committed 8000K, reserved 1114112K
  class space    used 1152K, committed 1216K, reserved 1048576K
}
Event: 76.711 GC heap after
{Heap after GC invocations=14 (full 4):
 garbage-first heap   total 71680K, used 23457K [0x00000000c0000000, 0x0000000100000000)
  region size 1024K, 4 young (4096K), 4 survivors (4096K)
 Metaspace       used 7817K, committed 8000K, reserved 1114112K
  class space    used 1152K, committed 1216K, reserved 1048576K
}
Event: 76.803 GC heap before
{Heap before GC invocations=14 (full 4):
 garbage-first heap   total 71680K, used 55201K [0x00000000c0000000, 0x0000000100000000)
  region size 1024K, 34 young (34816K), 4 survivors (4096K)
 Metaspace       used 8057K, committed 8192K, reserved 1114112K
  class space    used 1209K, committed 1280K, reserved 1048576K
}
Event: 76.812 GC heap after
{Heap after GC invocations=15 (full 4):
 garbage-first heap   total 71680K, used 29988K [0x00000000c0000000, 0x0000000100000000)
  region size 1024K, 5 young (5120K), 5 survivors (5120K)
 Metaspace       used 8057K, committed 8192K, reserved 1114112K
  class space    used 1209K, committed 1280K, reserved 1048576K
}
Event: 76.838 GC heap before
{Heap before GC invocations=15 (full 4):
 garbage-first heap   total 71680K, used 55588K [0x00000000c0000000, 0x0000000100000000)
  region size 1024K, 30 young (30720K), 5 survivors (5120K)
 Metaspace       used 8059K, committed 8192K, reserved 1114112K
  class space    used 1209K, committed 1280K, reserved 1048576K
}
Event: 76.850 GC heap after
{Heap after GC invocations=16 (full 4):
 garbage-first heap   total 560128K, used 32960K [0x00000000c0000000, 0x0000000100000000)
  region size 1024K, 3 young (3072K), 3 survivors (3072K)
 Metaspace       used 8059K, committed 8192K, reserved 1114112K
  class space    used 1209K, committed 1280K, reserved 1048576K
}
Event: 77.886 GC heap before
{Heap before GC invocations=16 (full 4):
 garbage-first heap   total 560128K, used 378048K [0x00000000c0000000, 0x0000000100000000)
  region size 1024K, 328 young (335872K), 3 survivors (3072K)
 Metaspace       used 10061K, committed 10304K, reserved 1114112K
  class space    used 1500K, committed 1600K, reserved 1048576K
}
Event: 77.901 GC heap after
{Heap after GC invocations=17 (full 4):
 garbage-first heap   total 560128K, used 87127K [0x00000000c0000000, 0x0000000100000000)
  region size 1024K, 41 young (41984K), 41 survivors (41984K)
 Metaspace       used 10061K, committed 10304K, reserved 1114112K
  class space    used 1500K, committed 1600K, reserved 1048576K
}
Event: 78.095 GC heap before
{Heap before GC invocations=17 (full 4):
 garbage-first heap   total 560128K, used 271447K [0x00000000c0000000, 0x0000000100000000)
  region size 1024K, 222 young (227328K), 41 survivors (41984K)
 Metaspace       used 10068K, committed 10304K, reserved 1114112K
  class space    used 1500K, committed 1600K, reserved 1048576K
}
Event: 78.138 GC heap after
{Heap after GC invocations=18 (full 5):
 garbage-first heap   total 296960K, used 83650K [0x00000000c0000000, 0x0000000100000000)
  region size 1024K, 0 young (0K), 0 survivors (0K)
 Metaspace       used 10068K, committed 10304K, reserved 1114112K
  class space    used 1500K, committed 1600K, reserved 1048576K
}
Event: 78.660 GC heap before
{Heap before GC invocations=18 (full 5):
 garbage-first heap   total 296960K, used 234178K [0x00000000c0000000, 0x0000000100000000)
  region size 1024K, 147 young (150528K), 0 survivors (0K)
 Metaspace       used 10692K, committed 10944K, reserved 1114112K
  class space    used 1534K, committed 1664K, reserved 1048576K
}
Event: 78.662 GC heap after
{Heap after GC invocations=19 (full 5):
 garbage-first heap   total 296960K, used 88258K [0x00000000c0000000, 0x0000000100000000)
  region size 1024K, 5 young (5120K), 5 survivors (5120K)
 Metaspace       used 10692K, committed 10944K, reserved 1114112K
  class space    used 1534K, committed 1664K, reserved 1048576K
}

