# JRE version: OpenJDK Runtime Environment (21.0.8+9) (build 21.0.8+9-Ubuntu-0ubuntu124.04.1)
# Java VM: OpenJDK 64-Bit Server VM (21.0.8+9-Ubuntu-0ubuntu124.04.1, mixed mode, sharing, tiered, compressed oops, compressed class ptrs, g1 gc, linux-amd64)
GC Precious Log:
 CardTable entry size: 512
 Card Set container configuration: InlinePtr #cards 5 size 8 Array Of Cards #cards 12 size 40 Howl #buckets 4 coarsen threshold 1843 Howl Bitmap #cards 512 size 80 coarsen threshold 460 Card regions per heap region 1 cards per card region 2048
 CPUs: 32 total, 32 available
 Memory: 125G
 Large Page Support: Disabled
 NUMA Support: Disabled
 Compressed Oops: Enabled (32-bit)
 Heap Region Size: 1M
 Heap Min Capacity: 8M
 Heap Initial Capacity: 1G
 Heap Max Capacity: 1G
 Pre-touch: Disabled
 Parallel Workers: 23
 Concurrent Workers: 6
 Concurrent Refinement Workers: 23
 Periodic GC: Disabled
Heap:
 garbage-first heap   total 24576K, used 8350K [0x00000000c0000000, 0x0000000100000000)
  region size 1024K, 3 young (3072K), 0 survivors (0K)
 Metaspace       used 2516K, committed 2752K, reserved 1114112K
  class space    used 206K, committed 320K, reserved 1048576K
GC Heap History (20 events):
Event: 1.638 GC heap before
{Heap before GC invocations=3 (full 2):
 garbage-first heap   total 14336K, used 7279K [0x00000000c0000000, 0x0000000100000000)
  region size 1024K, 5 young (5120K), 1 survivors (1024K)
 Metaspace       used 2299K, committed 2496K, reserved 1114112K
  class space    used 195K, committed 320K, reserved 1048576K
}
Event: 1.640 GC heap after
{Heap after GC invocations=4 (full 2):
 garbage-first heap   total 14336K, used 3263K [0x00000000c0000000, 0x0000000100000000)
  region size 1024K, 1 young (1024K), 1 survivors (1024K)
 Metaspace       used 2299K, committed 2496K, reserved 1114112K
  class space    used 195K, committed 320K, reserved 1048576K
}
Event: 1.648 GC heap before
{Heap before GC invocations=4 (full 2):
 garbage-first heap   total 14336K, used 8383K [0x00000000c0000000, 0x0000000100000000)
  region size 1024K, 6 young (6144K), 1 survivors (1024K)
 Metaspace       used 2304K, committed 2496K, reserved 1114112K
  class space    used 195K, committed 320K, reserved 1048576K
}
Event: 1.650 GC heap after
{Heap after GC invocations=5 (full 2):
 garbage-first heap   total 14336K, used 3830K [0x00000000c0000000, 0x0000000100000000)
  region size 1024K, 1 young (1024K), 1 survivors (1024K)
 Metaspace       used 2304K, committed 2496K, reserved 1114112K
  class space    used 195K, committed 320K, reserved 1048576K
}
Event: 1.656 GC heap before
{Heap before GC invocations=5 (full 2):
 garbage-first heap   total 14336K, used 8950K [0x00000000c0000000, 0x0000000100000000)
  region size 1024K, 6 young (6144K), 1 survivors (1024K)
 Metaspace       used 2313K, committed 2496K, reserved 1114112K
  class space    used 195K, committed 320K, reserved 1048576K
}
Event: 1.658 GC heap after
{Heap after GC invocations=6 (full 2):
 garbage-first heap   total 14336K, used 4270K [0x00000000c0000000, 0x0000000100000000)
  region size 1024K, 1 young (1024K), 1 survivors (1024K)
 Metaspace       used 2313K, committed 2496K, reserved 1114112K
  class space    used 195K, committed 320K, reserved 1048576K
}
Event: 1.666 GC heap before
{Heap before GC invocations=6 (full 2):
 garbage-first heap   total 14336K, used 9390K [0x00000000c0000000, 0x0000000100000000)
  region size 1024K, 6 young (6144K), 1 survivors (1024K)
 Metaspace       used 2321K, committed 2496K, reserved 1114112K
  class space    used 195K, committed 320K, reserved 1048576K
}
Event: 1.670 GC heap after
{Heap after GC invocations=7 (full 2):
 garbage-first heap   total 531456K, used 4830K [0x00000000c0000000, 0x0000000100000000)
  region size 1024K, 1 young (1024K), 1 survivors (1024K)
 Metaspace       used 2321K, committed 2496K, reserved 1114112K
  class space    used 195K, committed 320K, reserved 1048576K
}
Event: 1.789 GC heap before
{Heap before GC invocations=7 (full 2):
 garbage-first heap   total 531456K, used 21214K [0x00000000c0000000, 0x0000000100000000)
  region size 1024K, 18 young (18432K), 1 survivors (1024K)
 Metaspace       used 2479K, committed 2752K, reserved 1114112K
  class space    used 205K, committed 320K, reserved 1048576K
}
Event: 1.796 GC heap after
{Heap after GC invocations=8 (full 3):
 garbage-first heap   total 51200K, used 6302K [0x00000000c0000000, 0x0000000100000000)
  region size 1024K, 0 young (0K), 0 survivors (0K)
 Metaspace       used 2479K, committed 2752K, reserved 1114112K
  class space    used 205K, committed 320K, reserved 1048576K
}
Event: 3.424 GC heap before
{Heap before GC invocations=8 (full 3):
 garbage-first heap   total 51200K, used 7326K [0x00000000c0000000, 0x0000000100000000)
  region size 1024K, 2 young (2048K), 0 survivors (0K)
 Metaspace       used 2482K, committed 2752K, reserved 1114112K
  class space    used 205K, committed 320K, reserved 1048576K
}
Event: 3.431 GC heap after
{Heap after GC invocations=9 (full 4):
 garbage-first heap   total 27648K, used 6302K [0x00000000c0000000, 0x0000000100000000)
  region size 1024K, 0 young (0K), 0 survivors (0K)
 Metaspace       used 2482K, committed 2752K, reserved 1114112K
  class space    used 205K, committed 320K, reserved 1048576K
}
Event: 12.128 GC heap before
{Heap before GC invocations=9 (full 4):
 garbage-first heap   total 27648K, used 6302K [0x00000000c0000000, 0x0000000100000000)
  region size 1024K, 1 young (1024K), 0 survivors (0K)
 Metaspace       used 2482K, committed 2752K, reserved 1114112K
  class space    used 205K, committed 320K, reserved 1048576K
}
Event: 12.139 GC heap after
{Heap after GC invocations=10 (full 5):
 garbage-first heap   total 24576K, used 6302K [0x00000000c0000000, 0x0000000100000000)
  region size 1024K, 0 young (0K), 0 survivors (0K)
 Metaspace       used 2482K, committed 2752K, reserved 1114112K
  class space    used 205K, committed 320K, reserved 1048576K
}
Event: 136.537 GC heap before
{Heap before GC invocations=10 (full 5):
 garbage-first heap   total 24576K, used 6302K [0x00000000c0000000, 0x0000000100000000)
  region size 1024K, 1 young (1024K), 0 survivors (0K)
 Metaspace       used 2512K, committed 2752K, reserved 1114112K
  class space    used 205K, committed 320K, reserved 1048576K
}
Event: 136.546 GC heap after
{Heap after GC invocations=11 (full 6):
 garbage-first heap   total 24576K, used 6302K [0x00000000c0000000, 0x0000000100000000)
  region size 1024K, 0 young (0K), 0 survivors (0K)
 Metaspace       used 2512K, committed 2752K, reserved 1114112K
  class space    used 205K, committed 320K, reserved 1048576K
}
Event: 616.894 GC heap before
{Heap before GC invocations=11 (full 6):
 garbage-first heap   total 24576K, used 6302K [0x00000000c0000000, 0x0000000100000000)
  region size 1024K, 1 young (1024K), 0 survivors (0K)
 Metaspace       used 2512K, committed 2752K, reserved 1114112K
  class space    used 205K, committed 320K, reserved 1048576K
}
Event: 616.904 GC heap after
{Heap after GC invocations=12 (full 7):
 garbage-first heap   total 24576K, used 6302K [0x00000000c0000000, 0x0000000100000000)
  region size 1024K, 0 young (0K), 0 survivors (0K)
 Metaspace       used 2512K, committed 2752K, reserved 1114112K
  class space    used 205K, committed 320K, reserved 1048576K
}
Event: 647.047 GC heap before
{Heap before GC invocations=12 (full 7):
 garbage-first heap   total 24576K, used 6302K [0x00000000c0000000, 0x0000000100000000)
  region size 1024K, 1 young (1024K), 0 survivors (0K)
 Metaspace       used 2512K, committed 2752K, reserved 1114112K
  class space    used 205K, committed 320K, reserved 1048576K
}
Event: 647.056 GC heap after
{Heap after GC invocations=13 (full 8):
 garbage-first heap   total 24576K, used 6302K [0x00000000c0000000, 0x0000000100000000)
  region size 1024K, 0 young (0K), 0 survivors (0K)
 Metaspace       used 2512K, committed 2752K, reserved 1114112K
  class space    used 205K, committed 320K, reserved 1048576K
}

